#
# A fatal error has been detected by the Java Runtime Environment:
#
#  EXCEPTION_ACCESS_VIOLATION (0xc0000005) at pc=0x0000000180005b00, pid=12816, tid=0x0000000000003f94
#
# JRE version: Java(TM) SE Runtime Environment (8.0_281-b09) (build 1.8.0_281-b09)
# Java VM: Java HotSpot(TM) 64-Bit Server VM (25.281-b09 mixed mode windows-amd64 compressed oops)
# Problematic frame:
# C  [rxtxSerial.dll+0x5b00]
#
# Failed to write core dump. Minidumps are not enabled by default on client versions of Windows
#
# If you would like to submit a bug report, please visit:
#   http://bugreport.java.com/bugreport/crash.jsp
# The crash happened outside the Java Virtual Machine in native code.
# See problematic frame for where to report the bug.
#

---------------  T H R E A D  ---------------

Current thread (0x000001aadbadc800):  JavaThread "Thread-2" [_thread_in_native, id=16276, stack(0x0000004a2d000000,0x0000004a2d100000)]

siginfo: ExceptionCode=0xc0000005, reading address 0x000000002d0ff098

Registers:
RAX=0x0000000000000001, RBX=0x0000000000000000, RCX=0x000000018001d4d5, RDX=0xfffffffffffff665
RSP=0x0000004a2d0fe660, RBP=0x00000000ffffffff, RSI=0x0000000000000000, RDI=0x000001aadbadc9f8
R8 =0x0000000000000002, R9 =0xfffffffffffff63c, R10=0x0000000000000004, R11=0x8101010101010100
R12=0x000000002d0ff090, R13=0x0000000000000001, R14=0x0000004a2d0fe800, R15=0x0000000000000000
RIP=0x0000000180005b00, EFLAGS=0x0000000000010202

Top of Stack: (sp=0x0000004a2d0fe660)
0x0000004a2d0fe660:   0000000000000000 000000002d0ff090
0x0000004a2d0fe670:   0000000000000000 0000000000000000
0x0000004a2d0fe680:   000001aadbadc800 0000004a2d0fe800
0x0000004a2d0fe690:   000001aadc2da420 0000004a2d0fe800
0x0000004a2d0fe6a0:   ffffffffffffffff 0000000000000001
0x0000004a2d0fe6b0:   000001aadbad1808 0000000180005f3f
0x0000004a2d0fe6c0:   000001aadbadc9f8 000001aadbad1808
0x0000004a2d0fe6d0:   0000000000000001 0000004a2d0fe6f0
0x0000004a2d0fe6e0:   0000004a00000001 00000000ffffffff
0x0000004a2d0fe6f0:   000001aadc2da428 0000004a2d0fe800
0x0000004a2d0fe700:   000001aadc2da428 000001aadbadc800
0x0000004a2d0fe710:   000001aadc2da428 000001aadbadc800
0x0000004a2d0fe720:   0000000000000002 0000000000200021
0x0000004a2d0fe730:   000001aadc2da428 000001aac4909da6
0x0000004a2d0fe740:   00002d85cede9417 000001aadc2da428
0x0000004a2d0fe750:   0000000000000000 0000000000000002 

Instructions: (pc=0x0000000180005b00)
0x0000000180005ae0:   15 23 7a 01 00 48 8d 48 60 e8 3a 5d 00 00 4c 8b
0x0000000180005af0:   e5 8b ac 24 88 00 00 00 44 8b ac 24 80 00 00 00
0x0000000180005b00:   45 8b 74 24 08 41 89 5c 24 08 41 8b fd 85 ed 78
0x0000000180005b10:   09 ff 15 e9 14 01 00 44 8b f8 45 85 ed 7e 4a 90 


Register to memory mapping:

RAX=0x0000000000000001 is an unknown value
RBX=0x0000000000000000 is an unknown value
RCX=0x000000018001d4d5 is an unknown value
RDX=0xfffffffffffff665 is an unknown value
RSP=0x0000004a2d0fe660 is pointing into the stack for thread: 0x000001aadbadc800
RBP=0x00000000ffffffff is an unallocated location in the heap
RSI=0x0000000000000000 is an unknown value
RDI=0x000001aadbadc9f8 is an unknown value
R8 =0x0000000000000002 is an unknown value
R9 =0xfffffffffffff63c is an unknown value
R10=0x0000000000000004 is an unknown value
R11=0x8101010101010100 is an unknown value
R12=0x000000002d0ff090 is an unknown value
R13=0x0000000000000001 is an unknown value
R14=0x0000004a2d0fe800 is pointing into the stack for thread: 0x000001aadbadc800
R15=0x0000000000000000 is an unknown value


Stack: [0x0000004a2d000000,0x0000004a2d100000],  sp=0x0000004a2d0fe660,  free space=1017k
Native frames: (J=compiled Java code, j=interpreted, Vv=VM code, C=native code)
C  [rxtxSerial.dll+0x5b00]
C  [rxtxSerial.dll+0x5f3f]
C  0x000001aac4909f4e

Java frames: (J=compiled Java code, j=interpreted, Vv=VM code)
j  gnu.io.RXTXPort.readByte()I+0
j  gnu.io.RXTXPort$SerialInputStream.read()I+81
j  panamahitek.Arduino.PanamaHitek_Arduino.receiveData()I+74
j  panamahitek.Arduino.PanamaHitek_Arduino.serialRead()V+8
j  panamahitek.Arduino.PanamaHitek_Arduino.isMessageAvailable()Z+6
j  menu.def.MENULed$1.serialEvent(Lgnu/io/SerialPortEvent;)V+7
j  gnu.io.RXTXPort.sendEvent(IZ)Z+382
v  ~StubRoutines::call_stub
j  gnu.io.RXTXPort.eventLoop()V+0
j  gnu.io.RXTXPort$MonitorThread.run()V+12
v  ~StubRoutines::call_stub

---------------  P R O C E S S  ---------------

Java Threads: ( => current thread )
=>0x000001aadbadc800 JavaThread "Thread-2" [_thread_in_native, id=16276, stack(0x0000004a2d000000,0x0000004a2d100000)]
  0x000001aac2f9f800 JavaThread "DestroyJavaVM" [_thread_blocked, id=15812, stack(0x0000004a2b500000,0x0000004a2b600000)]
  0x000001aadb238000 JavaThread "AWT-EventQueue-0" [_thread_blocked, id=15476, stack(0x0000004a2cc00000,0x0000004a2cd00000)]
  0x000001aadb215000 JavaThread "AWT-Windows" daemon [_thread_in_native, id=16716, stack(0x0000004a2cb00000,0x0000004a2cc00000)]
  0x000001aadb214000 JavaThread "AWT-Shutdown" [_thread_blocked, id=4688, stack(0x0000004a2ca00000,0x0000004a2cb00000)]
  0x000001aadb211800 JavaThread "Java2D Disposer" daemon [_thread_blocked, id=4876, stack(0x0000004a2c900000,0x0000004a2ca00000)]
  0x000001aad9b3a800 JavaThread "Service Thread" daemon [_thread_blocked, id=6364, stack(0x0000004a2c700000,0x0000004a2c800000)]
  0x000001aad9ac7000 JavaThread "C1 CompilerThread3" daemon [_thread_blocked, id=14888, stack(0x0000004a2c600000,0x0000004a2c700000)]
  0x000001aad9ac1800 JavaThread "C2 CompilerThread2" daemon [_thread_blocked, id=21304, stack(0x0000004a2c500000,0x0000004a2c600000)]
  0x000001aad9abd000 JavaThread "C2 CompilerThread1" daemon [_thread_blocked, id=18820, stack(0x0000004a2c400000,0x0000004a2c500000)]
  0x000001aad9ab6800 JavaThread "C2 CompilerThread0" daemon [_thread_blocked, id=5892, stack(0x0000004a2c300000,0x0000004a2c400000)]
  0x000001aad9ab2800 JavaThread "Attach Listener" daemon [_thread_blocked, id=10288, stack(0x0000004a2c200000,0x0000004a2c300000)]
  0x000001aad9ab1800 JavaThread "Signal Dispatcher" daemon [_thread_blocked, id=19292, stack(0x0000004a2c100000,0x0000004a2c200000)]
  0x000001aad9a93800 JavaThread "Finalizer" daemon [_thread_blocked, id=7592, stack(0x0000004a2c000000,0x0000004a2c100000)]
  0x000001aad9a8a000 JavaThread "Reference Handler" daemon [_thread_blocked, id=13128, stack(0x0000004a2bf00000,0x0000004a2c000000)]

Other Threads:
  0x000001aad9a62800 VMThread [stack: 0x0000004a2be00000,0x0000004a2bf00000] [id=17120]
  0x000001aad9b3b800 WatcherThread [stack: 0x0000004a2c800000,0x0000004a2c900000] [id=15660]

VM state:not at safepoint (normal execution)

VM Mutex/Monitor currently owned by a thread: None

heap address: 0x0000000083800000, size: 1992 MB, Compressed Oops mode: 32-bit
Narrow klass base: 0x0000000000000000, Narrow klass shift: 3
Compressed class space size: 1073741824 Address: 0x0000000100000000

Heap:
 PSYoungGen      total 37888K, used 10473K [0x00000000d6800000, 0x00000000d9200000, 0x0000000100000000)
  eden space 32768K, 31% used [0x00000000d6800000,0x00000000d723a4d8,0x00000000d8800000)
  from space 5120K, 0% used [0x00000000d8d00000,0x00000000d8d00000,0x00000000d9200000)
  to   space 5120K, 0% used [0x00000000d8800000,0x00000000d8800000,0x00000000d8d00000)
 ParOldGen       total 86016K, used 0K [0x0000000083800000, 0x0000000088c00000, 0x00000000d6800000)
  object space 86016K, 0% used [0x0000000083800000,0x0000000083800000,0x0000000088c00000)
 Metaspace       used 11767K, capacity 11964K, committed 12160K, reserved 1060864K
  class space    used 1510K, capacity 1578K, committed 1664K, reserved 1048576K

Card table byte_map: [0x000001aad3cb0000,0x000001aad40a0000] byte_map_base: 0x000001aad3894000

Marking Bits: (ParMarkBitMap*) 0x00000000707b6ff0
 Begin Bits: [0x000001aad4340000, 0x000001aad6260000)
 End Bits:   [0x000001aad6260000, 0x000001aad8180000)

Polling page: 0x000001aac3100000

CodeCache: size=245760Kb used=2527Kb max_used=2527Kb free=243233Kb
 bounds [0x000001aac48f0000, 0x000001aac4b70000, 0x000001aad38f0000]
 total_blobs=1143 nmethods=664 adapters=392
 compilation: enabled

Compilation events (10 events):
Event: 0.550 Thread 0x000001aad9ac7000  660       3       java.lang.ref.SoftReference::<init> (13 bytes)
Event: 0.551 Thread 0x000001aad9ac7000 nmethod 660 0x000001aac4b663d0 code [0x000001aac4b66540, 0x000001aac4b66838]
Event: 0.551 Thread 0x000001aad9ac7000  663  s    3       sun.java2d.loops.RenderCache::get (100 bytes)
Event: 0.551 Thread 0x000001aad9ac7000 nmethod 663 0x000001aac4b66950 code [0x000001aac4b66b00, 0x000001aac4b67450]
Event: 0.551 Thread 0x000001aad9ac7000  661       3       sun.awt.image.SurfaceManager::getImageScale (22 bytes)
Event: 0.552 Thread 0x000001aad9ac7000 nmethod 661 0x000001aac4b67810 code [0x000001aac4b679a0, 0x000001aac4b67de0]
Event: 0.552 Thread 0x000001aad9ac7000  662       3       sun.java2d.SunGraphics2D::getCompClip (19 bytes)
Event: 0.552 Thread 0x000001aad9ac7000 nmethod 662 0x000001aac4b67f10 code [0x000001aac4b68080, 0x000001aac4b68310]
Event: 0.552 Thread 0x000001aad9ac7000  664       1       java.awt.AWTEvent::getID (5 bytes)
Event: 0.552 Thread 0x000001aad9ac7000 nmethod 664 0x000001aac4b683d0 code [0x000001aac4b68520, 0x000001aac4b68638]

GC Heap History (0 events):
No events

Deoptimization events (2 events):
Event: 0.366 Thread 0x000001aadb238000 Uncommon trap: reason=bimorphic action=maybe_recompile pc=0x000001aac4ad255c method=java.util.HashMap.putVal(ILjava/lang/Object;Ljava/lang/Object;ZZ)Ljava/lang/Object; @ 152
Event: 0.415 Thread 0x000001aadb238000 Uncommon trap: reason=bimorphic action=maybe_recompile pc=0x000001aac4ad255c method=java.util.HashMap.putVal(ILjava/lang/Object;Ljava/lang/Object;ZZ)Ljava/lang/Object; @ 152

Classes redefined (0 events):
No events

Internal exceptions (10 events):
Event: 0.230 Thread 0x000001aac2f9f800 Exception <a 'java/lang/ClassNotFoundException': ToolTip> (0x00000000d6c158f8) thrown at [C:\jenkins\workspace\8-2-build-windows-amd64-cygwin\jdk8u281\880\hotspot\src\share\vm\classfile\systemDictionary.cpp, line 212]
Event: 0.230 Thread 0x000001aac2f9f800 Exception <a 'java/lang/ClassNotFoundException': Tree> (0x00000000d6c16518) thrown at [C:\jenkins\workspace\8-2-build-windows-amd64-cygwin\jdk8u281\880\hotspot\src\share\vm\classfile\systemDictionary.cpp, line 212]
Event: 0.230 Thread 0x000001aac2f9f800 Exception <a 'java/lang/ClassNotFoundException': Tree> (0x00000000d6c16c58) thrown at [C:\jenkins\workspace\8-2-build-windows-amd64-cygwin\jdk8u281\880\hotspot\src\share\vm\classfile\systemDictionary.cpp, line 212]
Event: 0.230 Thread 0x000001aac2f9f800 Exception <a 'java/lang/ClassNotFoundException': javax/swing/JTreeCell> (0x00000000d6c16fd8) thrown at [C:\jenkins\workspace\8-2-build-windows-amd64-cygwin\jdk8u281\880\hotspot\src\share\vm\classfile\systemDictionary.cpp, line 212]
Event: 0.230 Thread 0x000001aac2f9f800 Exception <a 'java/lang/ClassNotFoundException': TreeCell> (0x00000000d6c17460) thrown at [C:\jenkins\workspace\8-2-build-windows-amd64-cygwin\jdk8u281\880\hotspot\src\share\vm\classfile\systemDictionary.cpp, line 212]
Event: 0.231 Thread 0x000001aac2f9f800 Exception <a 'java/lang/ClassNotFoundException': RootPane> (0x00000000d6c17ec0) thrown at [C:\jenkins\workspace\8-2-build-windows-amd64-cygwin\jdk8u281\880\hotspot\src\share\vm\classfile\systemDictionary.cpp, line 212]
Event: 0.418 Thread 0x000001aadb238000 Exception <a 'java/io/FileNotFoundException'> (0x00000000d6e9aa58) thrown at [C:\jenkins\workspace\8-2-build-windows-amd64-cygwin\jdk8u281\880\hotspot\src\share\vm\prims\jni.cpp, line 710]
Event: 0.421 Thread 0x000001aadb238000 Exception <a 'java/io/FileNotFoundException'> (0x00000000d6eb1378) thrown at [C:\jenkins\workspace\8-2-build-windows-amd64-cygwin\jdk8u281\880\hotspot\src\share\vm\prims\jni.cpp, line 710]
Event: 0.421 Thread 0x000001aadb238000 Exception <a 'java/io/FileNotFoundException'> (0x00000000d6ec15f0) thrown at [C:\jenkins\workspace\8-2-build-windows-amd64-cygwin\jdk8u281\880\hotspot\src\share\vm\prims\jni.cpp, line 710]
Event: 0.423 Thread 0x000001aadb238000 Exception <a 'java/io/FileNotFoundException'> (0x00000000d6ed79e0) thrown at [C:\jenkins\workspace\8-2-build-windows-amd64-cygwin\jdk8u281\880\hotspot\src\share\vm\prims\jni.cpp, line 710]

Events (10 events):
Event: 0.547 loading class java/text/AttributedCharacterIterator done
Event: 0.547 loading class java/text/AttributedString$AttributedStringIterator done
Event: 0.547 loading class java/awt/event/ContainerEvent
Event: 0.547 loading class java/awt/event/ContainerEvent done
Event: 0.548 loading class java/awt/TextComponent
Event: 0.548 loading class java/awt/TextComponent done
Event: 0.552 loading class java/util/concurrent/locks/LockSupport
Event: 0.552 loading class java/util/concurrent/locks/LockSupport done
Event: 1.348 loading class gnu/io/SerialPortEvent
Event: 1.348 loading class gnu/io/SerialPortEvent done


Dynamic libraries:
0x00007ff621210000 - 0x00007ff621257000 	C:\Program Files\Java\jdk1.8.0_281\bin\java.exe
0x00007ffe4b8f0000 - 0x00007ffe4bae5000 	C:\WINDOWS\SYSTEM32\ntdll.dll
0x00007ffe4a830000 - 0x00007ffe4a8ed000 	C:\WINDOWS\System32\KERNEL32.DLL
0x00007ffe49030000 - 0x00007ffe492f9000 	C:\WINDOWS\System32\KERNELBASE.dll
0x00007ffe49ae0000 - 0x00007ffe49b8c000 	C:\WINDOWS\System32\ADVAPI32.dll
0x00007ffe49f20000 - 0x00007ffe49fbe000 	C:\WINDOWS\System32\msvcrt.dll
0x00007ffe4b0a0000 - 0x00007ffe4b13c000 	C:\WINDOWS\System32\sechost.dll
0x00007ffe4b780000 - 0x00007ffe4b8ab000 	C:\WINDOWS\System32\RPCRT4.dll
0x00007ffe4b4b0000 - 0x00007ffe4b650000 	C:\WINDOWS\System32\USER32.dll
0x00007ffe498d0000 - 0x00007ffe498f2000 	C:\WINDOWS\System32\win32u.dll
0x00007ffe49950000 - 0x00007ffe4997a000 	C:\WINDOWS\System32\GDI32.dll
0x00007ffe49620000 - 0x00007ffe4972b000 	C:\WINDOWS\System32\gdi32full.dll
0x00007ffe49830000 - 0x00007ffe498cd000 	C:\WINDOWS\System32\msvcp_win.dll
0x00007ffe49730000 - 0x00007ffe49830000 	C:\WINDOWS\System32\ucrtbase.dll
0x00007ffe2ebe0000 - 0x00007ffe2ee7a000 	C:\WINDOWS\WinSxS\amd64_microsoft.windows.common-controls_6595b64144ccf1df_6.0.19041.844_none_ca00b6081b84eb1d\COMCTL32.dll
0x00007ffe49ef0000 - 0x00007ffe49f20000 	C:\WINDOWS\System32\IMM32.DLL
0x00007ffe434f0000 - 0x00007ffe43505000 	C:\Program Files\Java\jdk1.8.0_281\jre\bin\vcruntime140.dll
0x00007ffe29f40000 - 0x00007ffe29fdb000 	C:\Program Files\Java\jdk1.8.0_281\jre\bin\msvcp140.dll
0x000000006ffd0000 - 0x000000007082f000 	C:\Program Files\Java\jdk1.8.0_281\jre\bin\server\jvm.dll
0x00007ffe49dc0000 - 0x00007ffe49dc8000 	C:\WINDOWS\System32\PSAPI.DLL
0x00007ffe40340000 - 0x00007ffe4034a000 	C:\WINDOWS\SYSTEM32\VERSION.dll
0x00007ffe43510000 - 0x00007ffe43519000 	C:\WINDOWS\SYSTEM32\WSOCK32.dll
0x00007ffe4a7c0000 - 0x00007ffe4a82b000 	C:\WINDOWS\System32\WS2_32.dll
0x00007ffe33c60000 - 0x00007ffe33c87000 	C:\WINDOWS\SYSTEM32\WINMM.dll
0x00007ffe47960000 - 0x00007ffe47972000 	C:\WINDOWS\SYSTEM32\kernel.appcore.dll
0x00007ffe432b0000 - 0x00007ffe432c0000 	C:\Program Files\Java\jdk1.8.0_281\jre\bin\verify.dll
0x00007ffe38700000 - 0x00007ffe3872b000 	C:\Program Files\Java\jdk1.8.0_281\jre\bin\java.dll
0x00007ffe40ec0000 - 0x00007ffe40ed8000 	C:\Program Files\Java\jdk1.8.0_281\jre\bin\zip.dll
0x00007ffe4a070000 - 0x00007ffe4a7b2000 	C:\WINDOWS\System32\SHELL32.dll
0x00007ffe44110000 - 0x00007ffe448a0000 	C:\WINDOWS\SYSTEM32\windows.storage.dll
0x00007ffe4b140000 - 0x00007ffe4b495000 	C:\WINDOWS\System32\combase.dll
0x00007ffe489d0000 - 0x00007ffe489fc000 	C:\WINDOWS\SYSTEM32\Wldp.dll
0x00007ffe49fc0000 - 0x00007ffe4a06e000 	C:\WINDOWS\System32\SHCORE.dll
0x00007ffe4a9d0000 - 0x00007ffe4aa25000 	C:\WINDOWS\System32\shlwapi.dll
0x00007ffe48f70000 - 0x00007ffe48f8f000 	C:\WINDOWS\SYSTEM32\profapi.dll
0x00007ffe0a6b0000 - 0x00007ffe0a845000 	C:\Program Files\Java\jdk1.8.0_281\jre\bin\awt.dll
0x00007ffe49a10000 - 0x00007ffe49add000 	C:\WINDOWS\System32\OLEAUT32.dll
0x00007ffe432d0000 - 0x00007ffe43360000 	C:\WINDOWS\SYSTEM32\apphelp.dll
0x00007ffe43a50000 - 0x00007ffe43aee000 	C:\WINDOWS\system32\uxtheme.dll
0x00007ffe49dd0000 - 0x00007ffe49ee5000 	C:\WINDOWS\System32\MSCTF.dll
0x00007ffe4b650000 - 0x00007ffe4b77a000 	C:\WINDOWS\System32\ole32.dll
0x00007ffe49300000 - 0x00007ffe49380000 	C:\WINDOWS\System32\bcryptPrimitives.dll
0x00007ffe43c40000 - 0x00007ffe43c6f000 	C:\WINDOWS\system32\DWMAPI.DLL
0x00007ffe35820000 - 0x00007ffe35869000 	C:\Program Files\Java\jdk1.8.0_281\jre\bin\fontmanager.dll
0x00007ffe0bb60000 - 0x00007ffe0bc86000 	C:\WINDOWS\system32\opengl32.dll
0x00007ffe40fb0000 - 0x00007ffe40fdc000 	C:\WINDOWS\SYSTEM32\GLU32.dll
0x00007ffe4aa90000 - 0x00007ffe4ab39000 	C:\WINDOWS\System32\clbcatq.dll
0x00007ffe3fba0000 - 0x00007ffe3fd54000 	C:\WINDOWS\SYSTEM32\WindowsCodecs.dll
0x00007ffe49430000 - 0x00007ffe49457000 	C:\WINDOWS\System32\bcrypt.dll
0x00007ffe30700000 - 0x00007ffe3073e000 	C:\WINDOWS\system32\dataexchange.dll
0x00007ffe42580000 - 0x00007ffe42767000 	C:\WINDOWS\system32\dcomp.dll
0x00007ffe41790000 - 0x00007ffe419f4000 	C:\WINDOWS\system32\d3d11.dll
0x00007ffe47980000 - 0x00007ffe47a73000 	C:\WINDOWS\system32\dxgi.dll
0x00007ffe3fff0000 - 0x00007ffe401f1000 	C:\WINDOWS\system32\twinapi.appcore.dll
0x00007ffe40b10000 - 0x00007ffe40b2c000 	C:\Program Files\Java\jdk1.8.0_281\jre\bin\net.dll
0x00007ffe48750000 - 0x00007ffe487ba000 	C:\WINDOWS\system32\mswsock.dll
0x00007ffe3f9e0000 - 0x00007ffe3f9f3000 	C:\Program Files\Java\jdk1.8.0_281\jre\bin\nio.dll
0x00007ffe2d7b0000 - 0x00007ffe2d7f3000 	C:\Program Files\Java\jdk1.8.0_281\jre\bin\t2k.dll
0x0000000180000000 - 0x0000000180025000 	C:\JavaRXTX\x64\rxtxSerial.dll
0x00007ffe37e00000 - 0x00007ffe37efb000 	C:\WINDOWS\SYSTEM32\textinputframework.dll
0x00007ffe43050000 - 0x00007ffe43142000 	C:\WINDOWS\System32\CoreMessaging.dll
0x00007ffe42af0000 - 0x00007ffe42e4e000 	C:\WINDOWS\System32\CoreUIComponents.dll
0x00007ffe42420000 - 0x00007ffe42574000 	C:\WINDOWS\SYSTEM32\wintypes.dll
0x00007ffe47d80000 - 0x00007ffe47db3000 	C:\WINDOWS\SYSTEM32\ntmarta.dll
0x00007ffe38170000 - 0x00007ffe3819a000 	C:\Program Files\Java\jdk1.8.0_281\jre\bin\dcpr.dll
0x00007ffe43680000 - 0x00007ffe43864000 	C:\WINDOWS\SYSTEM32\dbghelp.dll

VM Arguments:
jvm_args: -Dfile.encoding=UTF-8 
java_command: menu.def.MENULed
java_class_path (initial): C:\Users\damia\Desktop\UNIVERSIDAD\Tercer Cuatrimestre\PROGRAMACION 2\LIBRERIAS\ARDUINO V2.5\CODIGOS CLASES ARDUINO\Codigo_Nelson_Castiblanco\Librer+¡a\PanamaHitek_Arduino.v2.7.0.jar;C:\Users\damia\Desktop\UNIVERSIDAD\Tercer Cuatrimestre\PROGRAMACION 2\PROYECTO_FINAL\LED-MENU\MENU-DEF\MENU-DEF\build\classes
Launcher Type: SUN_STANDARD

Environment Variables:
JAVA_HOME=C:\Program Files\Java\jdk-15.0.2
PATH=C:\Program Files\Common Files\Oracle\Java\javapath;C:\Program Files (x86)\Common Files\Oracle\Java\javapath;C:\WINDOWS\system32;C:\WINDOWS;C:\WINDOWS\System32\Wbem;C:\WINDOWS\System32\WindowsPowerShell\v1.0\;C:\WINDOWS\System32\OpenSSH\;C:\Program Files\Git\cmd;C:\Users\damia\AppData\Local\Programs\Python\Python39\Scripts\;C:\Users\damia\AppData\Local\Programs\Python\Python39\;C:\Users\damia\AppData\Local\Microsoft\WindowsApps;C:\Users\damia\AppData\Local\atom\bin;%USERPROFILE%\AppData\Local\Microsoft\WindowsApps;
USERNAME=damia
OS=Windows_NT
PROCESSOR_IDENTIFIER=Intel64 Family 6 Model 126 Stepping 5, GenuineIntel



---------------  S Y S T E M  ---------------

OS: Windows 10.0 , 64 bit Build 19041 (10.0.19041.804)

CPU:total 8 (initial active 8) (4 cores per cpu, 2 threads per core) family 6 model 126 stepping 5, cmov, cx8, fxsr, mmx, sse, sse2, sse3, ssse3, sse4.1, sse4.2, popcnt, avx, avx2, aes, clmul, erms, 3dnowpref, lzcnt, ht, tsc, tscinvbit, bmi1, bmi2, adx

Memory: 4k page, physical 8159224k(1430100k free), swap 18120696k(7579088k free)

vm_info: Java HotSpot(TM) 64-Bit Server VM (25.281-b09) for windows-amd64 JRE (1.8.0_281-b09), built on Dec  9 2020 13:54:07 by "" with MS VC++ 15.9 (VS2017)

time: Mon Apr 12 19:46:03 2021
timezone: Hora est. Pacífico, Sudamérica
elapsed time: 1.368014 seconds (0d 0h 0m 1s)

