#
# A fatal error has been detected by the Java Runtime Environment:
#
#  EXCEPTION_ACCESS_VIOLATION (0xc0000005) at pc=0x0000000180005b00, pid=20052, tid=0x00000000000043d4
#
# JRE version: Java(TM) SE Runtime Environment (8.0_281-b09) (build 1.8.0_281-b09)
# Java VM: Java HotSpot(TM) 64-Bit Server VM (25.281-b09 mixed mode windows-amd64 compressed oops)
# Problematic frame:
# C  [rxtxSerial.dll+0x5b00]
#
# Failed to write core dump. Minidumps are not enabled by default on client versions of Windows
#
# If you would like to submit a bug report, please visit:
#   http://bugreport.java.com/bugreport/crash.jsp
# The crash happened outside the Java Virtual Machine in native code.
# See problematic frame for where to report the bug.
#

---------------  T H R E A D  ---------------

Current thread (0x000001f8c490f000):  JavaThread "Thread-2" [_thread_in_native, id=17364, stack(0x000000e9c3d00000,0x000000e9c3e00000)]

siginfo: ExceptionCode=0xc0000005, reading address 0xffffffffc3dfeb38

Registers:
RAX=0x0000000000000001, RBX=0x0000000000000000, RCX=0x000000018001d4d5, RDX=0xfffffffffffff665
RSP=0x000000e9c3dfe100, RBP=0x00000000ffffffff, RSI=0x0000000000000000, RDI=0x000001f8c490f1f8
R8 =0x0000000000000002, R9 =0xfffffffffffff63c, R10=0x0000000000000002, R11=0x8101010101010100
R12=0xffffffffc3dfeb30, R13=0x0000000000000001, R14=0x000000e9c3dfe2a0, R15=0x0000000000000000
RIP=0x0000000180005b00, EFLAGS=0x0000000000010202

Top of Stack: (sp=0x000000e9c3dfe100)
0x000000e9c3dfe100:   0000000000000000 ffffffffc3dfeb30
0x000000e9c3dfe110:   0000000000000000 0000000000000000
0x000000e9c3dfe120:   000001f8c490f000 000000e9c3dfe2a0
0x000000e9c3dfe130:   000001f8c5169df8 000000e9c3dfe2a0
0x000000e9c3dfe140:   ffffffffffffffff 0000000000000001
0x000000e9c3dfe150:   000001f8c491ae28 0000000180005f3f
0x000000e9c3dfe160:   000001f8c490f1f8 000001f8c491ae28
0x000000e9c3dfe170:   0000000000000001 000000e9c3dfe190
0x000000e9c3dfe180:   000000e900000001 00000000ffffffff
0x000000e9c3dfe190:   000001f8c5169e00 000000e9c3dfe2a0
0x000000e9c3dfe1a0:   000001f8c5169e00 000001f8c490f000
0x000000e9c3dfe1b0:   000001f8c5169e00 000001f8c490f000
0x000000e9c3dfe1c0:   0000000000000002 0000000000200021
0x000000e9c3dfe1d0:   000001f8c5169e00 000001f8ad829da6
0x000000e9c3dfe1e0:   00002d2516345dc1 000001f8c5169e00
0x000000e9c3dfe1f0:   0000000000000000 0000000000000002 

Instructions: (pc=0x0000000180005b00)
0x0000000180005ae0:   15 23 7a 01 00 48 8d 48 60 e8 3a 5d 00 00 4c 8b
0x0000000180005af0:   e5 8b ac 24 88 00 00 00 44 8b ac 24 80 00 00 00
0x0000000180005b00:   45 8b 74 24 08 41 89 5c 24 08 41 8b fd 85 ed 78
0x0000000180005b10:   09 ff 15 e9 14 01 00 44 8b f8 45 85 ed 7e 4a 90 


Register to memory mapping:

RAX=0x0000000000000001 is an unknown value
RBX=0x0000000000000000 is an unknown value
RCX=0x000000018001d4d5 is an unknown value
RDX=0xfffffffffffff665 is an unknown value
RSP=0x000000e9c3dfe100 is pointing into the stack for thread: 0x000001f8c490f000
RBP=0x00000000ffffffff is an unallocated location in the heap
RSI=0x0000000000000000 is an unknown value
RDI=0x000001f8c490f1f8 is an unknown value
R8 =0x0000000000000002 is an unknown value
R9 =0xfffffffffffff63c is an unknown value
R10=0x0000000000000002 is an unknown value
R11=0x8101010101010100 is an unknown value
R12=0xffffffffc3dfeb30 is an unknown value
R13=0x0000000000000001 is an unknown value
R14=0x000000e9c3dfe2a0 is pointing into the stack for thread: 0x000001f8c490f000
R15=0x0000000000000000 is an unknown value


Stack: [0x000000e9c3d00000,0x000000e9c3e00000],  sp=0x000000e9c3dfe100,  free space=1016k
Native frames: (J=compiled Java code, j=interpreted, Vv=VM code, C=native code)
C  [rxtxSerial.dll+0x5b00]
C  [rxtxSerial.dll+0x5f3f]
C  0x000001f8ad829f4e

Java frames: (J=compiled Java code, j=interpreted, Vv=VM code)
j  gnu.io.RXTXPort.readByte()I+0
j  gnu.io.RXTXPort$SerialInputStream.read()I+81
j  panamahitek.Arduino.PanamaHitek_Arduino.receiveData()I+74
j  panamahitek.Arduino.PanamaHitek_Arduino.serialRead()V+8
j  panamahitek.Arduino.PanamaHitek_Arduino.isMessageAvailable()Z+6
j  menu.def.MENULed$1.serialEvent(Lgnu/io/SerialPortEvent;)V+7
j  gnu.io.RXTXPort.sendEvent(IZ)Z+382
v  ~StubRoutines::call_stub
j  gnu.io.RXTXPort.eventLoop()V+0
j  gnu.io.RXTXPort$MonitorThread.run()V+12
v  ~StubRoutines::call_stub

---------------  P R O C E S S  ---------------

Java Threads: ( => current thread )
=>0x000001f8c490f000 JavaThread "Thread-2" [_thread_in_native, id=17364, stack(0x000000e9c3d00000,0x000000e9c3e00000)]
  0x000001f8abe3f000 JavaThread "DestroyJavaVM" [_thread_blocked, id=1996, stack(0x000000e9c2200000,0x000000e9c2300000)]
  0x000001f8c4155000 JavaThread "AWT-EventQueue-0" [_thread_in_vm, id=7888, stack(0x000000e9c3900000,0x000000e9c3a00000)]
  0x000001f8c412e800 JavaThread "AWT-Windows" daemon [_thread_in_native, id=21696, stack(0x000000e9c3800000,0x000000e9c3900000)]
  0x000001f8c412d800 JavaThread "AWT-Shutdown" [_thread_blocked, id=22412, stack(0x000000e9c3700000,0x000000e9c3800000)]
  0x000001f8c412c800 JavaThread "Java2D Disposer" daemon [_thread_blocked, id=14968, stack(0x000000e9c3600000,0x000000e9c3700000)]
  0x000001f8c3d9b800 JavaThread "Service Thread" daemon [_thread_blocked, id=7764, stack(0x000000e9c3400000,0x000000e9c3500000)]
  0x000001f8c29d7000 JavaThread "C1 CompilerThread3" daemon [_thread_blocked, id=5308, stack(0x000000e9c3300000,0x000000e9c3400000)]
  0x000001f8c29d3000 JavaThread "C2 CompilerThread2" daemon [_thread_blocked, id=15500, stack(0x000000e9c3200000,0x000000e9c3300000)]
  0x000001f8c29ca800 JavaThread "C2 CompilerThread1" daemon [_thread_blocked, id=11800, stack(0x000000e9c3100000,0x000000e9c3200000)]
  0x000001f8c29c3800 JavaThread "C2 CompilerThread0" daemon [_thread_blocked, id=13780, stack(0x000000e9c3000000,0x000000e9c3100000)]
  0x000001f8c29bf000 JavaThread "Attach Listener" daemon [_thread_blocked, id=16432, stack(0x000000e9c2f00000,0x000000e9c3000000)]
  0x000001f8c29be800 JavaThread "Signal Dispatcher" daemon [_thread_blocked, id=14932, stack(0x000000e9c2e00000,0x000000e9c2f00000)]
  0x000001f8c29a0000 JavaThread "Finalizer" daemon [_thread_blocked, id=3432, stack(0x000000e9c2d00000,0x000000e9c2e00000)]
  0x000001f8c2999000 JavaThread "Reference Handler" daemon [_thread_blocked, id=21668, stack(0x000000e9c2c00000,0x000000e9c2d00000)]

Other Threads:
  0x000001f8c1d85800 VMThread [stack: 0x000000e9c2b00000,0x000000e9c2c00000] [id=20628]
  0x000001f8c3dac000 WatcherThread [stack: 0x000000e9c3500000,0x000000e9c3600000] [id=19036]

VM state:not at safepoint (normal execution)

VM Mutex/Monitor currently owned by a thread: None

heap address: 0x0000000083800000, size: 1992 MB, Compressed Oops mode: 32-bit
Narrow klass base: 0x0000000000000000, Narrow klass shift: 3
Compressed class space size: 1073741824 Address: 0x0000000100000000

Heap:
 PSYoungGen      total 37888K, used 7869K [0x00000000d6800000, 0x00000000d9200000, 0x0000000100000000)
  eden space 32768K, 24% used [0x00000000d6800000,0x00000000d6faf400,0x00000000d8800000)
  from space 5120K, 0% used [0x00000000d8d00000,0x00000000d8d00000,0x00000000d9200000)
  to   space 5120K, 0% used [0x00000000d8800000,0x00000000d8800000,0x00000000d8d00000)
 ParOldGen       total 86016K, used 0K [0x0000000083800000, 0x0000000088c00000, 0x00000000d6800000)
  object space 86016K, 0% used [0x0000000083800000,0x0000000083800000,0x0000000088c00000)
 Metaspace       used 11156K, capacity 11320K, committed 11520K, reserved 1058816K
  class space    used 1433K, capacity 1512K, committed 1536K, reserved 1048576K

Card table byte_map: [0x000001f8bcbd0000,0x000001f8bcfc0000] byte_map_base: 0x000001f8bc7b4000

Marking Bits: (ParMarkBitMap*) 0x00000000707b6ff0
 Begin Bits: [0x000001f8bd260000, 0x000001f8bf180000)
 End Bits:   [0x000001f8bf180000, 0x000001f8c10a0000)

Polling page: 0x000001f8abf10000

CodeCache: size=245760Kb used=2209Kb max_used=2211Kb free=243550Kb
 bounds [0x000001f8ad810000, 0x000001f8ada80000, 0x000001f8bc810000]
 total_blobs=1023 nmethods=559 adapters=377
 compilation: enabled

Compilation events (10 events):
Event: 0.551 Thread 0x000001f8c29d7000 nmethod 554 0x000001f8ada2e450 code [0x000001f8ada2e5c0, 0x000001f8ada2e978]
Event: 0.551 Thread 0x000001f8c29d7000  553       3       java.lang.String::toUpperCase (8 bytes)
Event: 0.551 Thread 0x000001f8c29d7000 nmethod 553 0x000001f8ada2f250 code [0x000001f8ada2f3c0, 0x000001f8ada2f630]
Event: 0.553 Thread 0x000001f8c29d7000  556  s!   3       sun.misc.URLClassPath::getLoader (243 bytes)
Event: 0.554 Thread 0x000001f8c29d7000 nmethod 556 0x000001f8ada351d0 code [0x000001f8ada355a0, 0x000001f8ada37fb0]
Event: 0.554 Thread 0x000001f8c29d7000  557       1       java.net.URL::getPort (5 bytes)
Event: 0.554 Thread 0x000001f8c29d3000 nmethod 551 0x000001f8ada39850 code [0x000001f8ada399a0, 0x000001f8ada39ef8]
Event: 0.554 Thread 0x000001f8c29d7000 nmethod 557 0x000001f8ada29010 code [0x000001f8ada29160, 0x000001f8ada29278]
Event: 0.583 Thread 0x000001f8c29d7000  558       3       java.util.BitSet::wordIndex (5 bytes)
Event: 0.583 Thread 0x000001f8c29d7000 nmethod 558 0x000001f8ada2dd50 code [0x000001f8ada2dea0, 0x000001f8ada2dfd8]

GC Heap History (0 events):
No events

Deoptimization events (3 events):
Event: 0.213 Thread 0x000001f8abe3f000 Uncommon trap: reason=null_check action=make_not_entrant pc=0x000001f8ad9805b0 method=java.lang.String.equals(Ljava/lang/Object;)Z @ 8
Event: 0.480 Thread 0x000001f8c4155000 Uncommon trap: reason=bimorphic action=maybe_recompile pc=0x000001f8ad9e6f1c method=java.util.HashMap.putVal(ILjava/lang/Object;Ljava/lang/Object;ZZ)Ljava/lang/Object; @ 152
Event: 0.545 Thread 0x000001f8c4155000 Uncommon trap: reason=bimorphic action=maybe_recompile pc=0x000001f8ad9e6f1c method=java.util.HashMap.putVal(ILjava/lang/Object;Ljava/lang/Object;ZZ)Ljava/lang/Object; @ 152

Classes redefined (0 events):
No events

Internal exceptions (10 events):
Event: 0.265 Thread 0x000001f8abe3f000 Exception <a 'java/lang/ClassNotFoundException': ToolTip> (0x00000000d6c15c00) thrown at [C:\jenkins\workspace\8-2-build-windows-amd64-cygwin\jdk8u281\880\hotspot\src\share\vm\classfile\systemDictionary.cpp, line 212]
Event: 0.265 Thread 0x000001f8abe3f000 Exception <a 'java/lang/ClassNotFoundException': Tree> (0x00000000d6c16820) thrown at [C:\jenkins\workspace\8-2-build-windows-amd64-cygwin\jdk8u281\880\hotspot\src\share\vm\classfile\systemDictionary.cpp, line 212]
Event: 0.265 Thread 0x000001f8abe3f000 Exception <a 'java/lang/ClassNotFoundException': Tree> (0x00000000d6c16f60) thrown at [C:\jenkins\workspace\8-2-build-windows-amd64-cygwin\jdk8u281\880\hotspot\src\share\vm\classfile\systemDictionary.cpp, line 212]
Event: 0.265 Thread 0x000001f8abe3f000 Exception <a 'java/lang/ClassNotFoundException': javax/swing/JTreeCell> (0x00000000d6c172e0) thrown at [C:\jenkins\workspace\8-2-build-windows-amd64-cygwin\jdk8u281\880\hotspot\src\share\vm\classfile\systemDictionary.cpp, line 212]
Event: 0.265 Thread 0x000001f8abe3f000 Exception <a 'java/lang/ClassNotFoundException': TreeCell> (0x00000000d6c17768) thrown at [C:\jenkins\workspace\8-2-build-windows-amd64-cygwin\jdk8u281\880\hotspot\src\share\vm\classfile\systemDictionary.cpp, line 212]
Event: 0.266 Thread 0x000001f8abe3f000 Exception <a 'java/lang/ClassNotFoundException': RootPane> (0x00000000d6c181c8) thrown at [C:\jenkins\workspace\8-2-build-windows-amd64-cygwin\jdk8u281\880\hotspot\src\share\vm\classfile\systemDictionary.cpp, line 212]
Event: 0.547 Thread 0x000001f8c4155000 Exception <a 'java/io/FileNotFoundException'> (0x00000000d6e9acd0) thrown at [C:\jenkins\workspace\8-2-build-windows-amd64-cygwin\jdk8u281\880\hotspot\src\share\vm\prims\jni.cpp, line 710]
Event: 0.549 Thread 0x000001f8c4155000 Exception <a 'java/io/FileNotFoundException'> (0x00000000d6eb18c8) thrown at [C:\jenkins\workspace\8-2-build-windows-amd64-cygwin\jdk8u281\880\hotspot\src\share\vm\prims\jni.cpp, line 710]
Event: 0.550 Thread 0x000001f8c4155000 Exception <a 'java/io/FileNotFoundException'> (0x00000000d6ec1b40) thrown at [C:\jenkins\workspace\8-2-build-windows-amd64-cygwin\jdk8u281\880\hotspot\src\share\vm\prims\jni.cpp, line 710]
Event: 0.552 Thread 0x000001f8c4155000 Exception <a 'java/io/FileNotFoundException'> (0x00000000d6ed7f30) thrown at [C:\jenkins\workspace\8-2-build-windows-amd64-cygwin\jdk8u281\880\hotspot\src\share\vm\prims\jni.cpp, line 710]

Events (10 events):
Event: 0.560 loading class gnu/io/RXTXPort$MonitorThread done
Event: 0.561 Thread 0x000001f8c490f000 Thread added: 0x000001f8c490f000
Event: 0.570 loading class java/awt/SplashScreen
Event: 0.570 loading class java/awt/SplashScreen done
Event: 0.570 loading class java/awt/Dialog
Event: 0.570 loading class java/awt/Dialog done
Event: 0.570 loading class java/awt/Dialog$ModalityType
Event: 0.570 loading class java/awt/Dialog$ModalityType done
Event: 0.583 loading class gnu/io/SerialPortEvent
Event: 0.583 loading class gnu/io/SerialPortEvent done


Dynamic libraries:
0x00007ff621210000 - 0x00007ff621257000 	C:\Program Files\Java\jdk1.8.0_281\bin\java.exe
0x00007ffe4b8f0000 - 0x00007ffe4bae5000 	C:\WINDOWS\SYSTEM32\ntdll.dll
0x00007ffe4a830000 - 0x00007ffe4a8ed000 	C:\WINDOWS\System32\KERNEL32.DLL
0x00007ffe49030000 - 0x00007ffe492f9000 	C:\WINDOWS\System32\KERNELBASE.dll
0x00007ffe49ae0000 - 0x00007ffe49b8c000 	C:\WINDOWS\System32\ADVAPI32.dll
0x00007ffe49f20000 - 0x00007ffe49fbe000 	C:\WINDOWS\System32\msvcrt.dll
0x00007ffe4b0a0000 - 0x00007ffe4b13c000 	C:\WINDOWS\System32\sechost.dll
0x00007ffe4b780000 - 0x00007ffe4b8ab000 	C:\WINDOWS\System32\RPCRT4.dll
0x00007ffe4b4b0000 - 0x00007ffe4b650000 	C:\WINDOWS\System32\USER32.dll
0x00007ffe498d0000 - 0x00007ffe498f2000 	C:\WINDOWS\System32\win32u.dll
0x00007ffe49950000 - 0x00007ffe4997a000 	C:\WINDOWS\System32\GDI32.dll
0x00007ffe49620000 - 0x00007ffe4972b000 	C:\WINDOWS\System32\gdi32full.dll
0x00007ffe49830000 - 0x00007ffe498cd000 	C:\WINDOWS\System32\msvcp_win.dll
0x00007ffe49730000 - 0x00007ffe49830000 	C:\WINDOWS\System32\ucrtbase.dll
0x00007ffe2ebe0000 - 0x00007ffe2ee7a000 	C:\WINDOWS\WinSxS\amd64_microsoft.windows.common-controls_6595b64144ccf1df_6.0.19041.844_none_ca00b6081b84eb1d\COMCTL32.dll
0x00007ffe49ef0000 - 0x00007ffe49f20000 	C:\WINDOWS\System32\IMM32.DLL
0x00007ffe434f0000 - 0x00007ffe43505000 	C:\Program Files\Java\jdk1.8.0_281\jre\bin\vcruntime140.dll
0x00007ffe29f40000 - 0x00007ffe29fdb000 	C:\Program Files\Java\jdk1.8.0_281\jre\bin\msvcp140.dll
0x000000006ffd0000 - 0x000000007082f000 	C:\Program Files\Java\jdk1.8.0_281\jre\bin\server\jvm.dll
0x00007ffe49dc0000 - 0x00007ffe49dc8000 	C:\WINDOWS\System32\PSAPI.DLL
0x00007ffe33c60000 - 0x00007ffe33c87000 	C:\WINDOWS\SYSTEM32\WINMM.dll
0x00007ffe43510000 - 0x00007ffe43519000 	C:\WINDOWS\SYSTEM32\WSOCK32.dll
0x00007ffe40340000 - 0x00007ffe4034a000 	C:\WINDOWS\SYSTEM32\VERSION.dll
0x00007ffe4a7c0000 - 0x00007ffe4a82b000 	C:\WINDOWS\System32\WS2_32.dll
0x00007ffe47960000 - 0x00007ffe47972000 	C:\WINDOWS\SYSTEM32\kernel.appcore.dll
0x00007ffe432b0000 - 0x00007ffe432c0000 	C:\Program Files\Java\jdk1.8.0_281\jre\bin\verify.dll
0x00007ffe38700000 - 0x00007ffe3872b000 	C:\Program Files\Java\jdk1.8.0_281\jre\bin\java.dll
0x00007ffe40ec0000 - 0x00007ffe40ed8000 	C:\Program Files\Java\jdk1.8.0_281\jre\bin\zip.dll
0x00007ffe4a070000 - 0x00007ffe4a7b2000 	C:\WINDOWS\System32\SHELL32.dll
0x00007ffe44110000 - 0x00007ffe448a0000 	C:\WINDOWS\SYSTEM32\windows.storage.dll
0x00007ffe4b140000 - 0x00007ffe4b495000 	C:\WINDOWS\System32\combase.dll
0x00007ffe489d0000 - 0x00007ffe489fc000 	C:\WINDOWS\SYSTEM32\Wldp.dll
0x00007ffe49fc0000 - 0x00007ffe4a06e000 	C:\WINDOWS\System32\SHCORE.dll
0x00007ffe4a9d0000 - 0x00007ffe4aa25000 	C:\WINDOWS\System32\shlwapi.dll
0x00007ffe48f70000 - 0x00007ffe48f8f000 	C:\WINDOWS\SYSTEM32\profapi.dll
0x00007ffe0a6b0000 - 0x00007ffe0a845000 	C:\Program Files\Java\jdk1.8.0_281\jre\bin\awt.dll
0x00007ffe49a10000 - 0x00007ffe49add000 	C:\WINDOWS\System32\OLEAUT32.dll
0x00007ffe432d0000 - 0x00007ffe43360000 	C:\WINDOWS\SYSTEM32\apphelp.dll
0x00007ffe43a50000 - 0x00007ffe43aee000 	C:\WINDOWS\system32\uxtheme.dll
0x00007ffe49dd0000 - 0x00007ffe49ee5000 	C:\WINDOWS\System32\MSCTF.dll
0x00007ffe4b650000 - 0x00007ffe4b77a000 	C:\WINDOWS\System32\ole32.dll
0x00007ffe49300000 - 0x00007ffe49380000 	C:\WINDOWS\System32\bcryptPrimitives.dll
0x00007ffe43c40000 - 0x00007ffe43c6f000 	C:\WINDOWS\system32\DWMAPI.DLL
0x00007ffe35820000 - 0x00007ffe35869000 	C:\Program Files\Java\jdk1.8.0_281\jre\bin\fontmanager.dll
0x00007ffe0bb60000 - 0x00007ffe0bc86000 	C:\WINDOWS\system32\opengl32.dll
0x00007ffe40fb0000 - 0x00007ffe40fdc000 	C:\WINDOWS\SYSTEM32\GLU32.dll
0x00007ffe4aa90000 - 0x00007ffe4ab39000 	C:\WINDOWS\System32\clbcatq.dll
0x00007ffe3fba0000 - 0x00007ffe3fd54000 	C:\WINDOWS\SYSTEM32\WindowsCodecs.dll
0x00007ffe49430000 - 0x00007ffe49457000 	C:\WINDOWS\System32\bcrypt.dll
0x00007ffe30700000 - 0x00007ffe3073e000 	C:\WINDOWS\system32\dataexchange.dll
0x00007ffe41790000 - 0x00007ffe419f4000 	C:\WINDOWS\system32\d3d11.dll
0x00007ffe42580000 - 0x00007ffe42767000 	C:\WINDOWS\system32\dcomp.dll
0x00007ffe47980000 - 0x00007ffe47a73000 	C:\WINDOWS\system32\dxgi.dll
0x00007ffe3fff0000 - 0x00007ffe401f1000 	C:\WINDOWS\system32\twinapi.appcore.dll
0x00007ffe40b10000 - 0x00007ffe40b2c000 	C:\Program Files\Java\jdk1.8.0_281\jre\bin\net.dll
0x00007ffe48750000 - 0x00007ffe487ba000 	C:\WINDOWS\system32\mswsock.dll
0x00007ffe3f9e0000 - 0x00007ffe3f9f3000 	C:\Program Files\Java\jdk1.8.0_281\jre\bin\nio.dll
0x00007ffe2d7b0000 - 0x00007ffe2d7f3000 	C:\Program Files\Java\jdk1.8.0_281\jre\bin\t2k.dll
0x0000000180000000 - 0x0000000180025000 	C:\JavaRXTX\x64\rxtxSerial.dll
0x00007ffe43680000 - 0x00007ffe43864000 	C:\WINDOWS\SYSTEM32\dbghelp.dll
0x00007ffe37e00000 - 0x00007ffe37efb000 	C:\WINDOWS\SYSTEM32\textinputframework.dll
0x00007ffe43050000 - 0x00007ffe43142000 	C:\WINDOWS\System32\CoreMessaging.dll
0x00007ffe42af0000 - 0x00007ffe42e4e000 	C:\WINDOWS\System32\CoreUIComponents.dll
0x00007ffe47d80000 - 0x00007ffe47db3000 	C:\WINDOWS\SYSTEM32\ntmarta.dll
0x00007ffe42420000 - 0x00007ffe42574000 	C:\WINDOWS\SYSTEM32\wintypes.dll

VM Arguments:
jvm_args: -Dfile.encoding=UTF-8 
java_command: menu.def.MENULed
java_class_path (initial): C:\Users\damia\Desktop\UNIVERSIDAD\Tercer Cuatrimestre\PROGRAMACION 2\LIBRERIAS\ARDUINO V2.5\CODIGOS CLASES ARDUINO\Codigo_Nelson_Castiblanco\Librer+¡a\PanamaHitek_Arduino.v2.7.0.jar;C:\Users\damia\Desktop\UNIVERSIDAD\Tercer Cuatrimestre\PROGRAMACION 2\PROYECTO_FINAL\LED-MENU\MENU-DEF\MENU-DEF\build\classes
Launcher Type: SUN_STANDARD

Environment Variables:
JAVA_HOME=C:\Program Files\Java\jdk-15.0.2
PATH=C:\Program Files\Common Files\Oracle\Java\javapath;C:\Program Files (x86)\Common Files\Oracle\Java\javapath;C:\WINDOWS\system32;C:\WINDOWS;C:\WINDOWS\System32\Wbem;C:\WINDOWS\System32\WindowsPowerShell\v1.0\;C:\WINDOWS\System32\OpenSSH\;C:\Program Files\Git\cmd;C:\Users\damia\AppData\Local\Programs\Python\Python39\Scripts\;C:\Users\damia\AppData\Local\Programs\Python\Python39\;C:\Users\damia\AppData\Local\Microsoft\WindowsApps;C:\Users\damia\AppData\Local\atom\bin;%USERPROFILE%\AppData\Local\Microsoft\WindowsApps;
USERNAME=damia
OS=Windows_NT
PROCESSOR_IDENTIFIER=Intel64 Family 6 Model 126 Stepping 5, GenuineIntel



---------------  S Y S T E M  ---------------

OS: Windows 10.0 , 64 bit Build 19041 (10.0.19041.804)

CPU:total 8 (initial active 8) (4 cores per cpu, 2 threads per core) family 6 model 126 stepping 5, cmov, cx8, fxsr, mmx, sse, sse2, sse3, ssse3, sse4.1, sse4.2, popcnt, avx, avx2, aes, clmul, erms, 3dnowpref, lzcnt, ht, tsc, tscinvbit, bmi1, bmi2, adx

Memory: 4k page, physical 8159224k(1428916k free), swap 18120696k(7583540k free)

vm_info: Java HotSpot(TM) 64-Bit Server VM (25.281-b09) for windows-amd64 JRE (1.8.0_281-b09), built on Dec  9 2020 13:54:07 by "" with MS VC++ 15.9 (VS2017)

time: Mon Apr 12 19:43:06 2021
timezone: Hora est. Pacífico, Sudamérica
elapsed time: 0.610127 seconds (0d 0h 0m 0s)

