#
# A fatal error has been detected by the Java Runtime Environment:
#
#  EXCEPTION_ACCESS_VIOLATION (0xc0000005) at pc=0x0000000180005b00, pid=3384, tid=0x0000000000004790
#
# JRE version: Java(TM) SE Runtime Environment (8.0_281-b09) (build 1.8.0_281-b09)
# Java VM: Java HotSpot(TM) 64-Bit Server VM (25.281-b09 mixed mode windows-amd64 compressed oops)
# Problematic frame:
# C  [rxtxSerial.dll+0x5b00]
#
# Failed to write core dump. Minidumps are not enabled by default on client versions of Windows
#
# If you would like to submit a bug report, please visit:
#   http://bugreport.java.com/bugreport/crash.jsp
# The crash happened outside the Java Virtual Machine in native code.
# See problematic frame for where to report the bug.
#

---------------  T H R E A D  ---------------

Current thread (0x000002789db1f000):  JavaThread "Thread-2" [_thread_in_native, id=18320, stack(0x000000926cb00000,0x000000926cc00000)]

siginfo: ExceptionCode=0xc0000005, reading address 0x000000006cbfeeb8

Registers:
RAX=0x0000000000000001, RBX=0x0000000000000000, RCX=0x000000018001d4d5, RDX=0xfffffffffffff665
RSP=0x000000926cbfe480, RBP=0x00000000ffffffff, RSI=0x0000000000000000, RDI=0x000002789db1f1f8
R8 =0x0000000000000002, R9 =0xfffffffffffff63c, R10=0x0000000000000002, R11=0x8101010101010100
R12=0x000000006cbfeeb0, R13=0x0000000000000001, R14=0x000000926cbfe620, R15=0x0000000000000000
RIP=0x0000000180005b00, EFLAGS=0x0000000000010202

Top of Stack: (sp=0x000000926cbfe480)
0x000000926cbfe480:   0000000000000000 000000006cbfeeb0
0x000000926cbfe490:   0000000000000000 0000000000000000
0x000000926cbfe4a0:   000002789db1f000 000000926cbfe620
0x000000926cbfe4b0:   000002789e329df8 000000926cbfe620
0x000000926cbfe4c0:   ffffffffffffffff 0000000000000001
0x000000926cbfe4d0:   000002789db133e8 0000000180005f3f
0x000000926cbfe4e0:   000002789db1f1f8 000002789db133e8
0x000000926cbfe4f0:   0000000000000001 000000926cbfe510
0x000000926cbfe500:   0000009200000001 00000000ffffffff
0x000000926cbfe510:   000002789e329e00 000000926cbfe620
0x000000926cbfe520:   000002789e329e00 000002789db1f000
0x000000926cbfe530:   000002789e329e00 000002789db1f000
0x000000926cbfe540:   0000000000000002 0000000000200021
0x000000926cbfe550:   000002789e329e00 00000278869e9da6
0x000000926cbfe560:   00002d5d4f53ab0b 000002789e329e00
0x000000926cbfe570:   0000000000000000 0000000000000002 

Instructions: (pc=0x0000000180005b00)
0x0000000180005ae0:   15 23 7a 01 00 48 8d 48 60 e8 3a 5d 00 00 4c 8b
0x0000000180005af0:   e5 8b ac 24 88 00 00 00 44 8b ac 24 80 00 00 00
0x0000000180005b00:   45 8b 74 24 08 41 89 5c 24 08 41 8b fd 85 ed 78
0x0000000180005b10:   09 ff 15 e9 14 01 00 44 8b f8 45 85 ed 7e 4a 90 


Register to memory mapping:

RAX=0x0000000000000001 is an unknown value
RBX=0x0000000000000000 is an unknown value
RCX=0x000000018001d4d5 is an unknown value
RDX=0xfffffffffffff665 is an unknown value
RSP=0x000000926cbfe480 is pointing into the stack for thread: 0x000002789db1f000
RBP=0x00000000ffffffff is an unallocated location in the heap
RSI=0x0000000000000000 is an unknown value
RDI=0x000002789db1f1f8 is an unknown value
R8 =0x0000000000000002 is an unknown value
R9 =0xfffffffffffff63c is an unknown value
R10=0x0000000000000002 is an unknown value
R11=0x8101010101010100 is an unknown value
R12=0x000000006cbfeeb0 is an unknown value
R13=0x0000000000000001 is an unknown value
R14=0x000000926cbfe620 is pointing into the stack for thread: 0x000002789db1f000
R15=0x0000000000000000 is an unknown value


Stack: [0x000000926cb00000,0x000000926cc00000],  sp=0x000000926cbfe480,  free space=1017k
Native frames: (J=compiled Java code, j=interpreted, Vv=VM code, C=native code)
C  [rxtxSerial.dll+0x5b00]
C  [rxtxSerial.dll+0x5f3f]
C  0x00000278869e9f4e

Java frames: (J=compiled Java code, j=interpreted, Vv=VM code)
j  gnu.io.RXTXPort.readByte()I+0
j  gnu.io.RXTXPort$SerialInputStream.read()I+81
j  panamahitek.Arduino.PanamaHitek_Arduino.receiveData()I+74
j  panamahitek.Arduino.PanamaHitek_Arduino.serialRead()V+8
j  panamahitek.Arduino.PanamaHitek_Arduino.isMessageAvailable()Z+6
j  menu.def.MENULed$1.serialEvent(Lgnu/io/SerialPortEvent;)V+7
j  gnu.io.RXTXPort.sendEvent(IZ)Z+382
v  ~StubRoutines::call_stub
j  gnu.io.RXTXPort.eventLoop()V+0
j  gnu.io.RXTXPort$MonitorThread.run()V+12
v  ~StubRoutines::call_stub

---------------  P R O C E S S  ---------------

Java Threads: ( => current thread )
=>0x000002789db1f000 JavaThread "Thread-2" [_thread_in_native, id=18320, stack(0x000000926cb00000,0x000000926cc00000)]
  0x0000027884f20800 JavaThread "DestroyJavaVM" [_thread_blocked, id=1136, stack(0x000000926b000000,0x000000926b100000)]
  0x000002789d31b800 JavaThread "AWT-EventQueue-0" [_thread_blocked, id=19072, stack(0x000000926c700000,0x000000926c800000)]
  0x000002789d2fa000 JavaThread "AWT-Windows" daemon [_thread_in_native, id=5380, stack(0x000000926c600000,0x000000926c700000)]
  0x000002789d2f9000 JavaThread "AWT-Shutdown" [_thread_blocked, id=3080, stack(0x000000926c500000,0x000000926c600000)]
  0x000002789d2f8800 JavaThread "Java2D Disposer" daemon [_thread_blocked, id=21976, stack(0x000000926c400000,0x000000926c500000)]
  0x000002789cf68800 JavaThread "Service Thread" daemon [_thread_blocked, id=10200, stack(0x000000926c200000,0x000000926c300000)]
  0x000002789bb6c000 JavaThread "C1 CompilerThread3" daemon [_thread_blocked, id=7272, stack(0x000000926c100000,0x000000926c200000)]
  0x000002789bb68800 JavaThread "C2 CompilerThread2" daemon [_thread_blocked, id=22132, stack(0x000000926c000000,0x000000926c100000)]
  0x000002789bb67000 JavaThread "C2 CompilerThread1" daemon [_thread_blocked, id=4912, stack(0x000000926bf00000,0x000000926c000000)]
  0x000002789bb60000 JavaThread "C2 CompilerThread0" daemon [_thread_blocked, id=8684, stack(0x000000926be00000,0x000000926bf00000)]
  0x000002789bb5e800 JavaThread "Attach Listener" daemon [_thread_blocked, id=17576, stack(0x000000926bd00000,0x000000926be00000)]
  0x000002789bb59800 JavaThread "Signal Dispatcher" daemon [_thread_blocked, id=1748, stack(0x000000926bc00000,0x000000926bd00000)]
  0x000002789af4b800 JavaThread "Finalizer" daemon [_thread_blocked, id=1084, stack(0x000000926bb00000,0x000000926bc00000)]
  0x000002789bb39800 JavaThread "Reference Handler" daemon [_thread_blocked, id=9656, stack(0x000000926ba00000,0x000000926bb00000)]

Other Threads:
  0x000002789bb13000 VMThread [stack: 0x000000926b900000,0x000000926ba00000] [id=11596]
  0x000002789bbee000 WatcherThread [stack: 0x000000926c300000,0x000000926c400000] [id=2652]

VM state:not at safepoint (normal execution)

VM Mutex/Monitor currently owned by a thread: None

heap address: 0x0000000083800000, size: 1992 MB, Compressed Oops mode: 32-bit
Narrow klass base: 0x0000000000000000, Narrow klass shift: 3
Compressed class space size: 1073741824 Address: 0x0000000100000000

Heap:
 PSYoungGen      total 37888K, used 10473K [0x00000000d6800000, 0x00000000d9200000, 0x0000000100000000)
  eden space 32768K, 31% used [0x00000000d6800000,0x00000000d723a6e0,0x00000000d8800000)
  from space 5120K, 0% used [0x00000000d8d00000,0x00000000d8d00000,0x00000000d9200000)
  to   space 5120K, 0% used [0x00000000d8800000,0x00000000d8800000,0x00000000d8d00000)
 ParOldGen       total 86016K, used 0K [0x0000000083800000, 0x0000000088c00000, 0x00000000d6800000)
  object space 86016K, 0% used [0x0000000083800000,0x0000000083800000,0x0000000088c00000)
 Metaspace       used 11781K, capacity 11960K, committed 12160K, reserved 1060864K
  class space    used 1518K, capacity 1576K, committed 1664K, reserved 1048576K

Card table byte_map: [0x0000027895d90000,0x0000027896180000] byte_map_base: 0x0000027895974000

Marking Bits: (ParMarkBitMap*) 0x00000000707b6ff0
 Begin Bits: [0x0000027896420000, 0x0000027898340000)
 End Bits:   [0x0000027898340000, 0x000002789a260000)

Polling page: 0x00000278850e0000

CodeCache: size=245760Kb used=2508Kb max_used=2508Kb free=243251Kb
 bounds [0x00000278869d0000, 0x0000027886c50000, 0x00000278959d0000]
 total_blobs=1144 nmethods=663 adapters=394
 compilation: enabled

Compilation events (10 events):
Event: 1.302 Thread 0x000002789bb6c000  657       3       sun.awt.AWTAutoShutdown::getInstance (4 bytes)
Event: 1.302 Thread 0x000002789bb6c000 nmethod 657 0x0000027886c3f650 code [0x0000027886c3f7a0, 0x0000027886c3f8d8]
Event: 1.331 Thread 0x000002789bb6c000  658       3       sun.awt.AWTAutoShutdown::isReadyToShutdown (37 bytes)
Event: 1.331 Thread 0x000002789bb6c000 nmethod 658 0x0000027886c3f950 code [0x0000027886c3fae0, 0x0000027886c3fea0]
Event: 1.333 Thread 0x000002789bb6c000  659       3       java.util.IdentityHashMap::isEmpty (13 bytes)
Event: 1.333 Thread 0x000002789bb6c000 nmethod 659 0x0000027886c3ff90 code [0x0000027886c400e0, 0x0000027886c40298]
Event: 1.339 Thread 0x000002789bb6c000  660       3       java.util.concurrent.locks.AbstractQueuedSynchronizer::compareAndSetState (13 bytes)
Event: 1.339 Thread 0x000002789bb6c000 nmethod 660 0x0000027886c40310 code [0x0000027886c40460, 0x0000027886c405d8]
Event: 1.345 Thread 0x000002789bb6c000  661       3       java.util.BitSet::wordIndex (5 bytes)
Event: 1.345 Thread 0x000002789bb6c000 nmethod 661 0x0000027886c40650 code [0x0000027886c407a0, 0x0000027886c408d8]

GC Heap History (0 events):
No events

Deoptimization events (2 events):
Event: 0.366 Thread 0x000002789d31b800 Uncommon trap: reason=bimorphic action=maybe_recompile pc=0x0000027886ba7004 method=java.util.HashMap.putVal(ILjava/lang/Object;Ljava/lang/Object;ZZ)Ljava/lang/Object; @ 152
Event: 0.417 Thread 0x000002789d31b800 Uncommon trap: reason=bimorphic action=maybe_recompile pc=0x0000027886ba7004 method=java.util.HashMap.putVal(ILjava/lang/Object;Ljava/lang/Object;ZZ)Ljava/lang/Object; @ 152

Classes redefined (0 events):
No events

Internal exceptions (10 events):
Event: 0.233 Thread 0x0000027884f20800 Exception <a 'java/lang/ClassNotFoundException': ToolTip> (0x00000000d6c15c00) thrown at [C:\jenkins\workspace\8-2-build-windows-amd64-cygwin\jdk8u281\880\hotspot\src\share\vm\classfile\systemDictionary.cpp, line 212]
Event: 0.234 Thread 0x0000027884f20800 Exception <a 'java/lang/ClassNotFoundException': Tree> (0x00000000d6c16820) thrown at [C:\jenkins\workspace\8-2-build-windows-amd64-cygwin\jdk8u281\880\hotspot\src\share\vm\classfile\systemDictionary.cpp, line 212]
Event: 0.234 Thread 0x0000027884f20800 Exception <a 'java/lang/ClassNotFoundException': Tree> (0x00000000d6c16f60) thrown at [C:\jenkins\workspace\8-2-build-windows-amd64-cygwin\jdk8u281\880\hotspot\src\share\vm\classfile\systemDictionary.cpp, line 212]
Event: 0.234 Thread 0x0000027884f20800 Exception <a 'java/lang/ClassNotFoundException': javax/swing/JTreeCell> (0x00000000d6c172e0) thrown at [C:\jenkins\workspace\8-2-build-windows-amd64-cygwin\jdk8u281\880\hotspot\src\share\vm\classfile\systemDictionary.cpp, line 212]
Event: 0.234 Thread 0x0000027884f20800 Exception <a 'java/lang/ClassNotFoundException': TreeCell> (0x00000000d6c17768) thrown at [C:\jenkins\workspace\8-2-build-windows-amd64-cygwin\jdk8u281\880\hotspot\src\share\vm\classfile\systemDictionary.cpp, line 212]
Event: 0.235 Thread 0x0000027884f20800 Exception <a 'java/lang/ClassNotFoundException': RootPane> (0x00000000d6c181c8) thrown at [C:\jenkins\workspace\8-2-build-windows-amd64-cygwin\jdk8u281\880\hotspot\src\share\vm\classfile\systemDictionary.cpp, line 212]
Event: 0.419 Thread 0x000002789d31b800 Exception <a 'java/io/FileNotFoundException'> (0x00000000d6e9acd0) thrown at [C:\jenkins\workspace\8-2-build-windows-amd64-cygwin\jdk8u281\880\hotspot\src\share\vm\prims\jni.cpp, line 710]
Event: 0.421 Thread 0x000002789d31b800 Exception <a 'java/io/FileNotFoundException'> (0x00000000d6eb15f0) thrown at [C:\jenkins\workspace\8-2-build-windows-amd64-cygwin\jdk8u281\880\hotspot\src\share\vm\prims\jni.cpp, line 710]
Event: 0.422 Thread 0x000002789d31b800 Exception <a 'java/io/FileNotFoundException'> (0x00000000d6ec1868) thrown at [C:\jenkins\workspace\8-2-build-windows-amd64-cygwin\jdk8u281\880\hotspot\src\share\vm\prims\jni.cpp, line 710]
Event: 0.424 Thread 0x000002789d31b800 Exception <a 'java/io/FileNotFoundException'> (0x00000000d6ed7c58) thrown at [C:\jenkins\workspace\8-2-build-windows-amd64-cygwin\jdk8u281\880\hotspot\src\share\vm\prims\jni.cpp, line 710]

Events (10 events):
Event: 1.256 loading class java/awt/Toolkit$ToolkitEventMulticaster
Event: 1.256 loading class java/awt/Toolkit$ToolkitEventMulticaster done
Event: 1.256 loading class java/awt/event/MouseWheelEvent
Event: 1.257 loading class java/awt/event/MouseWheelEvent done
Event: 1.257 loading class java/awt/AWTEvent$2
Event: 1.257 loading class java/awt/AWTEvent$2 done
Event: 1.257 loading class sun/reflect/UnsafeBooleanFieldAccessorImpl
Event: 1.257 loading class sun/reflect/UnsafeBooleanFieldAccessorImpl done
Event: 1.345 loading class gnu/io/SerialPortEvent
Event: 1.345 loading class gnu/io/SerialPortEvent done


Dynamic libraries:
0x00007ff621210000 - 0x00007ff621257000 	C:\Program Files\Java\jdk1.8.0_281\bin\java.exe
0x00007ffe4b8f0000 - 0x00007ffe4bae5000 	C:\WINDOWS\SYSTEM32\ntdll.dll
0x00007ffe4a830000 - 0x00007ffe4a8ed000 	C:\WINDOWS\System32\KERNEL32.DLL
0x00007ffe49030000 - 0x00007ffe492f9000 	C:\WINDOWS\System32\KERNELBASE.dll
0x00007ffe49ae0000 - 0x00007ffe49b8c000 	C:\WINDOWS\System32\ADVAPI32.dll
0x00007ffe49f20000 - 0x00007ffe49fbe000 	C:\WINDOWS\System32\msvcrt.dll
0x00007ffe4b0a0000 - 0x00007ffe4b13c000 	C:\WINDOWS\System32\sechost.dll
0x00007ffe4b780000 - 0x00007ffe4b8ab000 	C:\WINDOWS\System32\RPCRT4.dll
0x00007ffe4b4b0000 - 0x00007ffe4b650000 	C:\WINDOWS\System32\USER32.dll
0x00007ffe498d0000 - 0x00007ffe498f2000 	C:\WINDOWS\System32\win32u.dll
0x00007ffe49950000 - 0x00007ffe4997a000 	C:\WINDOWS\System32\GDI32.dll
0x00007ffe49620000 - 0x00007ffe4972b000 	C:\WINDOWS\System32\gdi32full.dll
0x00007ffe49830000 - 0x00007ffe498cd000 	C:\WINDOWS\System32\msvcp_win.dll
0x00007ffe49730000 - 0x00007ffe49830000 	C:\WINDOWS\System32\ucrtbase.dll
0x00007ffe2ebe0000 - 0x00007ffe2ee7a000 	C:\WINDOWS\WinSxS\amd64_microsoft.windows.common-controls_6595b64144ccf1df_6.0.19041.844_none_ca00b6081b84eb1d\COMCTL32.dll
0x00007ffe49ef0000 - 0x00007ffe49f20000 	C:\WINDOWS\System32\IMM32.DLL
0x00007ffe434f0000 - 0x00007ffe43505000 	C:\Program Files\Java\jdk1.8.0_281\jre\bin\vcruntime140.dll
0x00007ffe29f40000 - 0x00007ffe29fdb000 	C:\Program Files\Java\jdk1.8.0_281\jre\bin\msvcp140.dll
0x000000006ffd0000 - 0x000000007082f000 	C:\Program Files\Java\jdk1.8.0_281\jre\bin\server\jvm.dll
0x00007ffe49dc0000 - 0x00007ffe49dc8000 	C:\WINDOWS\System32\PSAPI.DLL
0x00007ffe43510000 - 0x00007ffe43519000 	C:\WINDOWS\SYSTEM32\WSOCK32.dll
0x00007ffe33c60000 - 0x00007ffe33c87000 	C:\WINDOWS\SYSTEM32\WINMM.dll
0x00007ffe4a7c0000 - 0x00007ffe4a82b000 	C:\WINDOWS\System32\WS2_32.dll
0x00007ffe40340000 - 0x00007ffe4034a000 	C:\WINDOWS\SYSTEM32\VERSION.dll
0x00007ffe47960000 - 0x00007ffe47972000 	C:\WINDOWS\SYSTEM32\kernel.appcore.dll
0x00007ffe432b0000 - 0x00007ffe432c0000 	C:\Program Files\Java\jdk1.8.0_281\jre\bin\verify.dll
0x00007ffe38700000 - 0x00007ffe3872b000 	C:\Program Files\Java\jdk1.8.0_281\jre\bin\java.dll
0x00007ffe40ec0000 - 0x00007ffe40ed8000 	C:\Program Files\Java\jdk1.8.0_281\jre\bin\zip.dll
0x00007ffe4a070000 - 0x00007ffe4a7b2000 	C:\WINDOWS\System32\SHELL32.dll
0x00007ffe44110000 - 0x00007ffe448a0000 	C:\WINDOWS\SYSTEM32\windows.storage.dll
0x00007ffe4b140000 - 0x00007ffe4b495000 	C:\WINDOWS\System32\combase.dll
0x00007ffe489d0000 - 0x00007ffe489fc000 	C:\WINDOWS\SYSTEM32\Wldp.dll
0x00007ffe49fc0000 - 0x00007ffe4a06e000 	C:\WINDOWS\System32\SHCORE.dll
0x00007ffe4a9d0000 - 0x00007ffe4aa25000 	C:\WINDOWS\System32\shlwapi.dll
0x00007ffe48f70000 - 0x00007ffe48f8f000 	C:\WINDOWS\SYSTEM32\profapi.dll
0x00007ffe0a6b0000 - 0x00007ffe0a845000 	C:\Program Files\Java\jdk1.8.0_281\jre\bin\awt.dll
0x00007ffe49a10000 - 0x00007ffe49add000 	C:\WINDOWS\System32\OLEAUT32.dll
0x00007ffe432d0000 - 0x00007ffe43360000 	C:\WINDOWS\SYSTEM32\apphelp.dll
0x00007ffe43a50000 - 0x00007ffe43aee000 	C:\WINDOWS\system32\uxtheme.dll
0x00007ffe49dd0000 - 0x00007ffe49ee5000 	C:\WINDOWS\System32\MSCTF.dll
0x00007ffe4b650000 - 0x00007ffe4b77a000 	C:\WINDOWS\System32\ole32.dll
0x00007ffe49300000 - 0x00007ffe49380000 	C:\WINDOWS\System32\bcryptPrimitives.dll
0x00007ffe43c40000 - 0x00007ffe43c6f000 	C:\WINDOWS\system32\DWMAPI.DLL
0x00007ffe35820000 - 0x00007ffe35869000 	C:\Program Files\Java\jdk1.8.0_281\jre\bin\fontmanager.dll
0x00007ffe0bb60000 - 0x00007ffe0bc86000 	C:\WINDOWS\system32\opengl32.dll
0x00007ffe40fb0000 - 0x00007ffe40fdc000 	C:\WINDOWS\SYSTEM32\GLU32.dll
0x00007ffe4aa90000 - 0x00007ffe4ab39000 	C:\WINDOWS\System32\clbcatq.dll
0x00007ffe3fba0000 - 0x00007ffe3fd54000 	C:\WINDOWS\SYSTEM32\WindowsCodecs.dll
0x00007ffe49430000 - 0x00007ffe49457000 	C:\WINDOWS\System32\bcrypt.dll
0x00007ffe30700000 - 0x00007ffe3073e000 	C:\WINDOWS\system32\dataexchange.dll
0x00007ffe41790000 - 0x00007ffe419f4000 	C:\WINDOWS\system32\d3d11.dll
0x00007ffe42580000 - 0x00007ffe42767000 	C:\WINDOWS\system32\dcomp.dll
0x00007ffe47980000 - 0x00007ffe47a73000 	C:\WINDOWS\system32\dxgi.dll
0x00007ffe3fff0000 - 0x00007ffe401f1000 	C:\WINDOWS\system32\twinapi.appcore.dll
0x00007ffe40b10000 - 0x00007ffe40b2c000 	C:\Program Files\Java\jdk1.8.0_281\jre\bin\net.dll
0x00007ffe48750000 - 0x00007ffe487ba000 	C:\WINDOWS\system32\mswsock.dll
0x00007ffe3f9e0000 - 0x00007ffe3f9f3000 	C:\Program Files\Java\jdk1.8.0_281\jre\bin\nio.dll
0x00007ffe2d7b0000 - 0x00007ffe2d7f3000 	C:\Program Files\Java\jdk1.8.0_281\jre\bin\t2k.dll
0x0000000180000000 - 0x0000000180025000 	C:\JavaRXTX\x64\rxtxSerial.dll
0x00007ffe37e00000 - 0x00007ffe37efb000 	C:\WINDOWS\SYSTEM32\textinputframework.dll
0x00007ffe43050000 - 0x00007ffe43142000 	C:\WINDOWS\System32\CoreMessaging.dll
0x00007ffe42af0000 - 0x00007ffe42e4e000 	C:\WINDOWS\System32\CoreUIComponents.dll
0x00007ffe47d80000 - 0x00007ffe47db3000 	C:\WINDOWS\SYSTEM32\ntmarta.dll
0x00007ffe42420000 - 0x00007ffe42574000 	C:\WINDOWS\SYSTEM32\wintypes.dll
0x00007ffe38170000 - 0x00007ffe3819a000 	C:\Program Files\Java\jdk1.8.0_281\jre\bin\dcpr.dll
0x00007ffe43680000 - 0x00007ffe43864000 	C:\WINDOWS\SYSTEM32\dbghelp.dll

VM Arguments:
jvm_args: -Dfile.encoding=UTF-8 
java_command: menu.def.MENULed
java_class_path (initial): C:\Users\damia\Desktop\UNIVERSIDAD\Tercer Cuatrimestre\PROGRAMACION 2\LIBRERIAS\ARDUINO V2.5\CODIGOS CLASES ARDUINO\Codigo_Nelson_Castiblanco\Librer+¡a\PanamaHitek_Arduino.v2.7.0.jar;C:\Users\damia\Desktop\UNIVERSIDAD\Tercer Cuatrimestre\PROGRAMACION 2\PROYECTO_FINAL\LED-MENU\MENU-DEF\MENU-DEF\build\classes
Launcher Type: SUN_STANDARD

Environment Variables:
JAVA_HOME=C:\Program Files\Java\jdk-15.0.2
PATH=C:\Program Files\Common Files\Oracle\Java\javapath;C:\Program Files (x86)\Common Files\Oracle\Java\javapath;C:\WINDOWS\system32;C:\WINDOWS;C:\WINDOWS\System32\Wbem;C:\WINDOWS\System32\WindowsPowerShell\v1.0\;C:\WINDOWS\System32\OpenSSH\;C:\Program Files\Git\cmd;C:\Users\damia\AppData\Local\Programs\Python\Python39\Scripts\;C:\Users\damia\AppData\Local\Programs\Python\Python39\;C:\Users\damia\AppData\Local\Microsoft\WindowsApps;C:\Users\damia\AppData\Local\atom\bin;%USERPROFILE%\AppData\Local\Microsoft\WindowsApps;
USERNAME=damia
OS=Windows_NT
PROCESSOR_IDENTIFIER=Intel64 Family 6 Model 126 Stepping 5, GenuineIntel



---------------  S Y S T E M  ---------------

OS: Windows 10.0 , 64 bit Build 19041 (10.0.19041.804)

CPU:total 8 (initial active 8) (4 cores per cpu, 2 threads per core) family 6 model 126 stepping 5, cmov, cx8, fxsr, mmx, sse, sse2, sse3, ssse3, sse4.1, sse4.2, popcnt, avx, avx2, aes, clmul, erms, 3dnowpref, lzcnt, ht, tsc, tscinvbit, bmi1, bmi2, adx

Memory: 4k page, physical 8159224k(1426120k free), swap 18120696k(7575708k free)

vm_info: Java HotSpot(TM) 64-Bit Server VM (25.281-b09) for windows-amd64 JRE (1.8.0_281-b09), built on Dec  9 2020 13:54:07 by "" with MS VC++ 15.9 (VS2017)

time: Mon Apr 12 19:43:22 2021
timezone: Hora est. Pacífico, Sudamérica
elapsed time: 1.366825 seconds (0d 0h 0m 1s)

